<?xml version="1.0" encoding="UTF-8"?>
<!-- Generated by org.testng.reporters.JUnitXMLReporter -->
<testsuite hostname="capfront-Latitude-3420" ignored="0" name="Test" tests="1" failures="1" timestamp="2023-03-30T16:03:30 IST" time="5.031" errors="0">
  <testcase name="test5" time="5.006" classname="testcases.TC_01_demo">
    <failure type="java.lang.NullPointerException">
      <![CDATA[java.lang.NullPointerException
at pageObject.Calculator.<init>(Calculator.java:37)
at testcases.TC_01_demo.test5(TC_01_demo.java:15)
at java.util.ArrayList.forEach(ArrayList.java:1259)
... Removed 27 stack frames]]>
    </failure>
  </testcase> <!-- test5 -->
</testsuite> <!-- Test -->
